<?xml version="1.0" encoding="UTF-8"?>
<!-- Generated by org.testng.reporters.JUnitReportReporter -->
<testsuite hostname="Tutus-MacBook-Air.local" failures="0" tests="9" name="almosaferTest.TestCases" time="11.326" errors="0" timestamp="2023-05-04T21:11:04 GST" skipped="0">
  <testcase classname="almosaferTest.TestCases" name="CheckLanguage" time="0.140"/>
  <system-out/>
  <testcase classname="almosaferTest.TestCases" name="CheckCurreny" time="0.970"/>
  <system-out/>
  <testcase classname="almosaferTest.TestCases" name="CheckLogo" time="0.654"/>
  <system-out/>
  <testcase classname="almosaferTest.TestCases" name="CheckFlightDeparture" time="2.020"/>
  <system-out/>
  <testcase classname="almosaferTest.TestCases" name="CheckFlightReturn" time="0.723"/>
  <system-out/>
  <testcase classname="almosaferTest.TestCases" name="CheckContactNumber" time="2.931"/>
  <system-out/>
  <testcase classname="almosaferTest.TestCases" name="CheckSearchTab" time="0.132"/>
  <system-out/>
  <testcase classname="almosaferTest.TestCases" name="RandomLanguage" time="0.029"/>
  <system-out/>
  <testcase classname="almosaferTest.TestCases" name="HotelSearchTab" time="3.727"/>
  <system-out/>
</testsuite> <!-- almosaferTest.TestCases -->
